c:\users\汉周\documents\visual studio 2015\xasm\assembler\assembler\debug\vc140.pdb
c:\users\汉周\documents\visual studio 2015\xasm\assembler\assembler\debug\vc140.idb
c:\users\汉周\documents\visual studio 2015\xasm\assembler\assembler\debug\functiontable.obj
c:\users\汉周\documents\visual studio 2015\xasm\assembler\assembler\debug\hostcalltable.obj
c:\users\汉周\documents\visual studio 2015\xasm\assembler\assembler\debug\instrlookuptable.obj
c:\users\汉周\documents\visual studio 2015\xasm\assembler\assembler\debug\labeltable.obj
c:\users\汉周\documents\visual studio 2015\xasm\assembler\assembler\debug\stringtable.obj
c:\users\汉周\documents\visual studio 2015\xasm\assembler\assembler\debug\symboltable.obj
c:\users\汉周\documents\visual studio 2015\xasm\assembler\assembler\debug\t.obj
c:\users\汉周\documents\visual studio 2015\xasm\assembler\debug\assembler.pdb
c:\users\汉周\documents\visual studio 2015\xasm\assembler\assembler\debug\assembler.tlog\cl.command.1.tlog
c:\users\汉周\documents\visual studio 2015\xasm\assembler\assembler\debug\assembler.tlog\cl.read.1.tlog
c:\users\汉周\documents\visual studio 2015\xasm\assembler\assembler\debug\assembler.tlog\cl.write.1.tlog
c:\users\汉周\documents\visual studio 2015\xasm\assembler\assembler\debug\assembler.tlog\link-cvtres.read.1.tlog
c:\users\汉周\documents\visual studio 2015\xasm\assembler\assembler\debug\assembler.tlog\link-cvtres.write.1.tlog
c:\users\汉周\documents\visual studio 2015\xasm\assembler\assembler\debug\assembler.tlog\link-rc.read.1.tlog
c:\users\汉周\documents\visual studio 2015\xasm\assembler\assembler\debug\assembler.tlog\link-rc.write.1.tlog
c:\users\汉周\documents\visual studio 2015\xasm\assembler\assembler\debug\assembler.tlog\link.command.1.tlog
c:\users\汉周\documents\visual studio 2015\xasm\assembler\assembler\debug\assembler.tlog\link.read.1.tlog
c:\users\汉周\documents\visual studio 2015\xasm\assembler\assembler\debug\assembler.tlog\link.write.1.tlog
